<?xml version="1.0" encoding="UTF-8"?>
<testsuite xmlns:xsi="http://www.w3.org/2001/XMLSchema-instance" xsi:noNamespaceSchemaLocation="https://maven.apache.org/surefire/maven-surefire-plugin/xsd/surefire-test-report.xsd" name="fr.ans.prosanteconnect.keycloak.provider.mapper.X509ThumbprintProtocolMapperTest" time="0.02" tests="1" errors="0" skipped="0" failures="0">
  <properties>
    <property name="sun.desktop" value="windows"/>
    <property name="awt.toolkit" value="sun.awt.windows.WToolkit"/>
    <property name="java.specification.version" value="11"/>
    <property name="sun.cpu.isalist" value="amd64"/>
    <property name="sun.jnu.encoding" value="Cp1252"/>
    <property name="java.class.path" value="C:\Users\cjuillard\Documents\POCS_PHASE2\dev\keycloak-certhash-mapper\target\test-classes;C:\Users\cjuillard\Documents\POCS_PHASE2\dev\keycloak-certhash-mapper\target\classes;C:\Users\cjuillard\.m2\repository\org\keycloak\keycloak-core\21.0.1\keycloak-core-21.0.1.jar;C:\Users\cjuillard\.m2\repository\org\keycloak\keycloak-common\21.0.1\keycloak-common-21.0.1.jar;C:\Users\cjuillard\.m2\repository\com\sun\activation\jakarta.activation\1.2.2\jakarta.activation-1.2.2.jar;C:\Users\cjuillard\.m2\repository\com\fasterxml\jackson\core\jackson-core\2.10.3\jackson-core-2.10.3.jar;C:\Users\cjuillard\.m2\repository\com\fasterxml\jackson\core\jackson-databind\2.10.3\jackson-databind-2.10.3.jar;C:\Users\cjuillard\.m2\repository\org\keycloak\keycloak-server-spi\21.0.1\keycloak-server-spi-21.0.1.jar;C:\Users\cjuillard\.m2\repository\org\keycloak\keycloak-server-spi-private\21.0.1\keycloak-server-spi-private-21.0.1.jar;C:\Users\cjuillard\.m2\repository\org\apache\httpcomponents\httpclient\4.5.12\httpclient-4.5.12.jar;C:\Users\cjuillard\.m2\repository\org\apache\httpcomponents\httpcore\4.4.13\httpcore-4.4.13.jar;C:\Users\cjuillard\.m2\repository\commons-codec\commons-codec\1.13\commons-codec-1.13.jar;C:\Users\cjuillard\.m2\repository\org\keycloak\keycloak-services\21.0.1\keycloak-services-21.0.1.jar;C:\Users\cjuillard\.m2\repository\com\sun\mail\jakarta.mail\1.6.5\jakarta.mail-1.6.5.jar;C:\Users\cjuillard\.m2\repository\org\twitter4j\twitter4j-core\4.1.2\twitter4j-core-4.1.2.jar;C:\Users\cjuillard\.m2\repository\org\jetbrains\annotations\23.0.0\annotations-23.0.0.jar;C:\Users\cjuillard\.m2\repository\org\jboss\logging\jboss-logging\3.4.1.Final\jboss-logging-3.4.1.Final.jar;C:\Users\cjuillard\.m2\repository\org\jboss\spec\javax\ws\rs\jboss-jaxrs-api_2.1_spec\2.0.1.Final\jboss-jaxrs-api_2.1_spec-2.0.1.Final.jar;C:\Users\cjuillard\.m2\repository\org\jboss\spec\javax\transaction\jboss-transaction-api_1.3_spec\2.0.0.Final\jboss-transaction-api_1.3_spec-2.0.0.Final.jar;C:\Users\cjuillard\.m2\repository\org\jboss\resteasy\resteasy-multipart-provider\4.7.7.Final\resteasy-multipart-provider-4.7.7.Final.jar;C:\Users\cjuillard\.m2\repository\org\jboss\resteasy\resteasy-core-spi\4.7.7.Final\resteasy-core-spi-4.7.7.Final.jar;C:\Users\cjuillard\.m2\repository\org\jboss\spec\javax\annotation\jboss-annotations-api_1.3_spec\2.0.1.Final\jboss-annotations-api_1.3_spec-2.0.1.Final.jar;C:\Users\cjuillard\.m2\repository\org\jboss\spec\javax\xml\bind\jboss-jaxb-api_2.3_spec\2.0.0.Final\jboss-jaxb-api_2.3_spec-2.0.0.Final.jar;C:\Users\cjuillard\.m2\repository\org\reactivestreams\reactive-streams\1.0.3\reactive-streams-1.0.3.jar;C:\Users\cjuillard\.m2\repository\jakarta\validation\jakarta.validation-api\2.0.2\jakarta.validation-api-2.0.2.jar;C:\Users\cjuillard\.m2\repository\org\jboss\resteasy\resteasy-core\4.7.7.Final\resteasy-core-4.7.7.Final.jar;C:\Users\cjuillard\.m2\repository\com\ibm\async\asyncutil\0.1.0\asyncutil-0.1.0.jar;C:\Users\cjuillard\.m2\repository\io\smallrye\config\smallrye-config\2.3.0\smallrye-config-2.3.0.jar;C:\Users\cjuillard\.m2\repository\io\smallrye\config\smallrye-config-core\2.3.0\smallrye-config-core-2.3.0.jar;C:\Users\cjuillard\.m2\repository\org\eclipse\microprofile\config\microprofile-config-api\2.0\microprofile-config-api-2.0.jar;C:\Users\cjuillard\.m2\repository\io\smallrye\common\smallrye-common-annotation\1.6.0\smallrye-common-annotation-1.6.0.jar;C:\Users\cjuillard\.m2\repository\io\smallrye\common\smallrye-common-expression\1.6.0\smallrye-common-expression-1.6.0.jar;C:\Users\cjuillard\.m2\repository\io\smallrye\common\smallrye-common-function\1.6.0\smallrye-common-function-1.6.0.jar;C:\Users\cjuillard\.m2\repository\io\smallrye\common\smallrye-common-constraint\1.6.0\smallrye-common-constraint-1.6.0.jar;C:\Users\cjuillard\.m2\repository\io\smallrye\common\smallrye-common-classloader\1.6.0\smallrye-common-classloader-1.6.0.jar;C:\Users\cjuillard\.m2\repository\io\smallrye\config\smallrye-config-common\2.3.0\smallrye-config-common-2.3.0.jar;C:\Users\cjuillard\.m2\repository\org\jboss\resteasy\resteasy-jaxb-provider\4.7.7.Final\resteasy-jaxb-provider-4.7.7.Final.jar;C:\Users\cjuillard\.m2\repository\org\glassfish\jaxb\jaxb-runtime\2.3.2\jaxb-runtime-2.3.2.jar;C:\Users\cjuillard\.m2\repository\org\glassfish\jaxb\txw2\2.3.2\txw2-2.3.2.jar;C:\Users\cjuillard\.m2\repository\com\sun\istack\istack-commons-runtime\3.0.8\istack-commons-runtime-3.0.8.jar;C:\Users\cjuillard\.m2\repository\org\jvnet\staxex\stax-ex\1.8.1\stax-ex-1.8.1.jar;C:\Users\cjuillard\.m2\repository\com\sun\xml\fastinfoset\FastInfoset\1.2.16\FastInfoset-1.2.16.jar;C:\Users\cjuillard\.m2\repository\org\apache\james\apache-mime4j-dom\0.8.3\apache-mime4j-dom-0.8.3.jar;C:\Users\cjuillard\.m2\repository\org\apache\james\apache-mime4j-core\0.8.3\apache-mime4j-core-0.8.3.jar;C:\Users\cjuillard\.m2\repository\org\apache\james\apache-mime4j-storage\0.8.3\apache-mime4j-storage-0.8.3.jar;C:\Users\cjuillard\.m2\repository\commons-io\commons-io\2.4\commons-io-2.4.jar;C:\Users\cjuillard\.m2\repository\com\googlecode\owasp-java-html-sanitizer\owasp-java-html-sanitizer\20211018.2\owasp-java-html-sanitizer-20211018.2.jar;C:\Users\cjuillard\.m2\repository\com\google\guava\guava\30.1-jre\guava-30.1-jre.jar;C:\Users\cjuillard\.m2\repository\com\google\guava\failureaccess\1.0.1\failureaccess-1.0.1.jar;C:\Users\cjuillard\.m2\repository\com\google\guava\listenablefuture\9999.0-empty-to-avoid-conflict-with-guava\listenablefuture-9999.0-empty-to-avoid-conflict-with-guava.jar;C:\Users\cjuillard\.m2\repository\com\google\code\findbugs\jsr305\3.0.2\jsr305-3.0.2.jar;C:\Users\cjuillard\.m2\repository\com\google\errorprone\error_prone_annotations\2.3.4\error_prone_annotations-2.3.4.jar;C:\Users\cjuillard\.m2\repository\com\google\j2objc\j2objc-annotations\1.3\j2objc-annotations-1.3.jar;C:\Users\cjuillard\.m2\repository\com\fasterxml\jackson\core\jackson-annotations\2.10.3\jackson-annotations-2.10.3.jar;C:\Users\cjuillard\.m2\repository\com\fasterxml\jackson\datatype\jackson-datatype-jdk8\2.10.3\jackson-datatype-jdk8-2.10.3.jar;C:\Users\cjuillard\.m2\repository\com\google\zxing\javase\3.4.0\javase-3.4.0.jar;C:\Users\cjuillard\.m2\repository\com\google\zxing\core\3.4.0\core-3.4.0.jar;C:\Users\cjuillard\.m2\repository\com\github\jai-imageio\jai-imageio-core\1.4.0\jai-imageio-core-1.4.0.jar;C:\Users\cjuillard\.m2\repository\com\webauthn4j\webauthn4j-core\0.20.0.RELEASE\webauthn4j-core-0.20.0.RELEASE.jar;C:\Users\cjuillard\.m2\repository\com\webauthn4j\webauthn4j-util\0.20.0.RELEASE\webauthn4j-util-0.20.0.RELEASE.jar;C:\Users\cjuillard\.m2\repository\org\apache\kerby\kerby-asn1\2.0.2\kerby-asn1-2.0.2.jar;C:\Users\cjuillard\.m2\repository\com\fasterxml\jackson\dataformat\jackson-dataformat-cbor\2.10.3\jackson-dataformat-cbor-2.10.3.jar;C:\Users\cjuillard\.m2\repository\org\checkerframework\checker-qual\3.22.0\checker-qual-3.22.0.jar;C:\Users\cjuillard\.m2\repository\com\github\ua-parser\uap-java\1.5.2\uap-java-1.5.2.jar;C:\Users\cjuillard\.m2\repository\org\yaml\snakeyaml\1.25\snakeyaml-1.25.jar;C:\Users\cjuillard\.m2\repository\org\apache\commons\commons-collections4\4.1\commons-collections4-4.1.jar;C:\Users\cjuillard\.m2\repository\org\slf4j\slf4j-api\1.7.30\slf4j-api-1.7.30.jar;C:\Users\cjuillard\.m2\repository\org\springframework\boot\spring-boot-starter-test\2.2.6.RELEASE\spring-boot-starter-test-2.2.6.RELEASE.jar;C:\Users\cjuillard\.m2\repository\org\springframework\boot\spring-boot-starter\2.2.6.RELEASE\spring-boot-starter-2.2.6.RELEASE.jar;C:\Users\cjuillard\.m2\repository\org\springframework\boot\spring-boot\2.2.6.RELEASE\spring-boot-2.2.6.RELEASE.jar;C:\Users\cjuillard\.m2\repository\org\springframework\spring-context\5.2.5.RELEASE\spring-context-5.2.5.RELEASE.jar;C:\Users\cjuillard\.m2\repository\org\springframework\spring-aop\5.2.5.RELEASE\spring-aop-5.2.5.RELEASE.jar;C:\Users\cjuillard\.m2\repository\org\springframework\spring-beans\5.2.5.RELEASE\spring-beans-5.2.5.RELEASE.jar;C:\Users\cjuillard\.m2\repository\org\springframework\spring-expression\5.2.5.RELEASE\spring-expression-5.2.5.RELEASE.jar;C:\Users\cjuillard\.m2\repository\org\springframework\boot\spring-boot-autoconfigure\2.2.6.RELEASE\spring-boot-autoconfigure-2.2.6.RELEASE.jar;C:\Users\cjuillard\.m2\repository\org\springframework\boot\spring-boot-starter-logging\2.2.6.RELEASE\spring-boot-starter-logging-2.2.6.RELEASE.jar;C:\Users\cjuillard\.m2\repository\ch\qos\logback\logback-classic\1.2.3\logback-classic-1.2.3.jar;C:\Users\cjuillard\.m2\repository\ch\qos\logback\logback-core\1.2.3\logback-core-1.2.3.jar;C:\Users\cjuillard\.m2\repository\org\apache\logging\log4j\log4j-to-slf4j\2.12.1\log4j-to-slf4j-2.12.1.jar;C:\Users\cjuillard\.m2\repository\org\apache\logging\log4j\log4j-api\2.12.1\log4j-api-2.12.1.jar;C:\Users\cjuillard\.m2\repository\org\slf4j\jul-to-slf4j\1.7.30\jul-to-slf4j-1.7.30.jar;C:\Users\cjuillard\.m2\repository\jakarta\annotation\jakarta.annotation-api\1.3.5\jakarta.annotation-api-1.3.5.jar;C:\Users\cjuillard\.m2\repository\org\springframework\boot\spring-boot-test\2.2.6.RELEASE\spring-boot-test-2.2.6.RELEASE.jar;C:\Users\cjuillard\.m2\repository\org\springframework\boot\spring-boot-test-autoconfigure\2.2.6.RELEASE\spring-boot-test-autoconfigure-2.2.6.RELEASE.jar;C:\Users\cjuillard\.m2\repository\com\jayway\jsonpath\json-path\2.4.0\json-path-2.4.0.jar;C:\Users\cjuillard\.m2\repository\net\minidev\json-smart\2.3\json-smart-2.3.jar;C:\Users\cjuillard\.m2\repository\net\minidev\accessors-smart\1.2\accessors-smart-1.2.jar;C:\Users\cjuillard\.m2\repository\org\ow2\asm\asm\5.0.4\asm-5.0.4.jar;C:\Users\cjuillard\.m2\repository\jakarta\xml\bind\jakarta.xml.bind-api\2.3.3\jakarta.xml.bind-api-2.3.3.jar;C:\Users\cjuillard\.m2\repository\jakarta\activation\jakarta.activation-api\1.2.2\jakarta.activation-api-1.2.2.jar;C:\Users\cjuillard\.m2\repository\org\junit\jupiter\junit-jupiter\5.5.2\junit-jupiter-5.5.2.jar;C:\Users\cjuillard\.m2\repository\org\junit\jupiter\junit-jupiter-api\5.5.2\junit-jupiter-api-5.5.2.jar;C:\Users\cjuillard\.m2\repository\org\opentest4j\opentest4j\1.2.0\opentest4j-1.2.0.jar;C:\Users\cjuillard\.m2\repository\org\junit\platform\junit-platform-commons\1.5.2\junit-platform-commons-1.5.2.jar;C:\Users\cjuillard\.m2\repository\org\junit\jupiter\junit-jupiter-params\5.5.2\junit-jupiter-params-5.5.2.jar;C:\Users\cjuillard\.m2\repository\org\junit\jupiter\junit-jupiter-engine\5.5.2\junit-jupiter-engine-5.5.2.jar;C:\Users\cjuillard\.m2\repository\org\junit\vintage\junit-vintage-engine\5.5.2\junit-vintage-engine-5.5.2.jar;C:\Users\cjuillard\.m2\repository\org\apiguardian\apiguardian-api\1.1.0\apiguardian-api-1.1.0.jar;C:\Users\cjuillard\.m2\repository\org\junit\platform\junit-platform-engine\1.5.2\junit-platform-engine-1.5.2.jar;C:\Users\cjuillard\.m2\repository\junit\junit\4.12\junit-4.12.jar;C:\Users\cjuillard\.m2\repository\org\mockito\mockito-junit-jupiter\3.1.0\mockito-junit-jupiter-3.1.0.jar;C:\Users\cjuillard\.m2\repository\org\assertj\assertj-core\3.13.2\assertj-core-3.13.2.jar;C:\Users\cjuillard\.m2\repository\org\hamcrest\hamcrest\2.1\hamcrest-2.1.jar;C:\Users\cjuillard\.m2\repository\org\mockito\mockito-core\3.1.0\mockito-core-3.1.0.jar;C:\Users\cjuillard\.m2\repository\net\bytebuddy\byte-buddy\1.10.8\byte-buddy-1.10.8.jar;C:\Users\cjuillard\.m2\repository\net\bytebuddy\byte-buddy-agent\1.10.8\byte-buddy-agent-1.10.8.jar;C:\Users\cjuillard\.m2\repository\org\objenesis\objenesis\2.6\objenesis-2.6.jar;C:\Users\cjuillard\.m2\repository\org\skyscreamer\jsonassert\1.5.0\jsonassert-1.5.0.jar;C:\Users\cjuillard\.m2\repository\com\vaadin\external\google\android-json\0.0.20131108.vaadin1\android-json-0.0.20131108.vaadin1.jar;C:\Users\cjuillard\.m2\repository\org\springframework\spring-core\5.2.5.RELEASE\spring-core-5.2.5.RELEASE.jar;C:\Users\cjuillard\.m2\repository\org\springframework\spring-jcl\5.2.5.RELEASE\spring-jcl-5.2.5.RELEASE.jar;C:\Users\cjuillard\.m2\repository\org\springframework\spring-test\5.2.5.RELEASE\spring-test-5.2.5.RELEASE.jar;C:\Users\cjuillard\.m2\repository\org\xmlunit\xmlunit-core\2.6.4\xmlunit-core-2.6.4.jar;C:\Users\cjuillard\.m2\repository\com\h2database\h2\1.4.200\h2-1.4.200.jar;C:\Users\cjuillard\.m2\repository\io\rest-assured\rest-assured\3.3.0\rest-assured-3.3.0.jar;C:\Users\cjuillard\.m2\repository\org\codehaus\groovy\groovy\2.5.10\groovy-2.5.10.jar;C:\Users\cjuillard\.m2\repository\org\codehaus\groovy\groovy-xml\2.5.10\groovy-xml-2.5.10.jar;C:\Users\cjuillard\.m2\repository\org\apache\httpcomponents\httpmime\4.5.12\httpmime-4.5.12.jar;C:\Users\cjuillard\.m2\repository\org\hamcrest\hamcrest-core\2.1\hamcrest-core-2.1.jar;C:\Users\cjuillard\.m2\repository\org\hamcrest\hamcrest-library\2.1\hamcrest-library-2.1.jar;C:\Users\cjuillard\.m2\repository\org\ccil\cowan\tagsoup\tagsoup\1.2.1\tagsoup-1.2.1.jar;C:\Users\cjuillard\.m2\repository\io\rest-assured\json-path\3.3.0\json-path-3.3.0.jar;C:\Users\cjuillard\.m2\repository\org\codehaus\groovy\groovy-json\2.5.10\groovy-json-2.5.10.jar;C:\Users\cjuillard\.m2\repository\io\rest-assured\rest-assured-common\3.3.0\rest-assured-common-3.3.0.jar;C:\Users\cjuillard\.m2\repository\io\rest-assured\xml-path\3.3.0\xml-path-3.3.0.jar;C:\Users\cjuillard\.m2\repository\org\apache\commons\commons-lang3\3.9\commons-lang3-3.9.jar;C:\Users\cjuillard\.m2\repository\javax\xml\bind\jaxb-api\2.3.1\jaxb-api-2.3.1.jar;C:\Users\cjuillard\.m2\repository\javax\activation\javax.activation-api\1.2.0\javax.activation-api-1.2.0.jar;C:\Users\cjuillard\.m2\repository\com\sun\xml\bind\jaxb-osgi\2.2.10\jaxb-osgi-2.2.10.jar;C:\Users\cjuillard\.m2\repository\org\apache\sling\org.apache.sling.javax.activation\0.1.0\org.apache.sling.javax.activation-0.1.0.jar;C:\Users\cjuillard\.m2\repository\javax\activation\activation\1.1.1\activation-1.1.1.jar;"/>
    <property name="java.vm.vendor" value="Oracle Corporation"/>
    <property name="sun.arch.data.model" value="64"/>
    <property name="user.variant" value=""/>
    <property name="java.vendor.url" value="http://java.oracle.com/"/>
    <property name="user.timezone" value="Europe/Paris"/>
    <property name="java.vm.specification.version" value="11"/>
    <property name="os.name" value="Windows 10"/>
    <property name="sun.java.launcher" value="SUN_STANDARD"/>
    <property name="user.country" value="FR"/>
    <property name="sun.boot.library.path" value="C:\Users\cjuillard\openjdk-11.0.2_windows-x64_bin\jdk-11.0.2\bin"/>
    <property name="sun.java.command" value="C:\Users\CJUILL~1\AppData\Local\Temp\surefire5427810071063422982\surefirebooter12644423756034656949.jar C:\Users\cjuillard\AppData\Local\Temp\surefire5427810071063422982 2023-07-20T17-28-43_603-jvmRun1 surefire2298482348171878934tmp surefire_018201442880401300907tmp"/>
    <property name="jdk.debug" value="release"/>
    <property name="surefire.test.class.path" value="C:\Users\cjuillard\Documents\POCS_PHASE2\dev\keycloak-certhash-mapper\target\test-classes;C:\Users\cjuillard\Documents\POCS_PHASE2\dev\keycloak-certhash-mapper\target\classes;C:\Users\cjuillard\.m2\repository\org\keycloak\keycloak-core\21.0.1\keycloak-core-21.0.1.jar;C:\Users\cjuillard\.m2\repository\org\keycloak\keycloak-common\21.0.1\keycloak-common-21.0.1.jar;C:\Users\cjuillard\.m2\repository\com\sun\activation\jakarta.activation\1.2.2\jakarta.activation-1.2.2.jar;C:\Users\cjuillard\.m2\repository\com\fasterxml\jackson\core\jackson-core\2.10.3\jackson-core-2.10.3.jar;C:\Users\cjuillard\.m2\repository\com\fasterxml\jackson\core\jackson-databind\2.10.3\jackson-databind-2.10.3.jar;C:\Users\cjuillard\.m2\repository\org\keycloak\keycloak-server-spi\21.0.1\keycloak-server-spi-21.0.1.jar;C:\Users\cjuillard\.m2\repository\org\keycloak\keycloak-server-spi-private\21.0.1\keycloak-server-spi-private-21.0.1.jar;C:\Users\cjuillard\.m2\repository\org\apache\httpcomponents\httpclient\4.5.12\httpclient-4.5.12.jar;C:\Users\cjuillard\.m2\repository\org\apache\httpcomponents\httpcore\4.4.13\httpcore-4.4.13.jar;C:\Users\cjuillard\.m2\repository\commons-codec\commons-codec\1.13\commons-codec-1.13.jar;C:\Users\cjuillard\.m2\repository\org\keycloak\keycloak-services\21.0.1\keycloak-services-21.0.1.jar;C:\Users\cjuillard\.m2\repository\com\sun\mail\jakarta.mail\1.6.5\jakarta.mail-1.6.5.jar;C:\Users\cjuillard\.m2\repository\org\twitter4j\twitter4j-core\4.1.2\twitter4j-core-4.1.2.jar;C:\Users\cjuillard\.m2\repository\org\jetbrains\annotations\23.0.0\annotations-23.0.0.jar;C:\Users\cjuillard\.m2\repository\org\jboss\logging\jboss-logging\3.4.1.Final\jboss-logging-3.4.1.Final.jar;C:\Users\cjuillard\.m2\repository\org\jboss\spec\javax\ws\rs\jboss-jaxrs-api_2.1_spec\2.0.1.Final\jboss-jaxrs-api_2.1_spec-2.0.1.Final.jar;C:\Users\cjuillard\.m2\repository\org\jboss\spec\javax\transaction\jboss-transaction-api_1.3_spec\2.0.0.Final\jboss-transaction-api_1.3_spec-2.0.0.Final.jar;C:\Users\cjuillard\.m2\repository\org\jboss\resteasy\resteasy-multipart-provider\4.7.7.Final\resteasy-multipart-provider-4.7.7.Final.jar;C:\Users\cjuillard\.m2\repository\org\jboss\resteasy\resteasy-core-spi\4.7.7.Final\resteasy-core-spi-4.7.7.Final.jar;C:\Users\cjuillard\.m2\repository\org\jboss\spec\javax\annotation\jboss-annotations-api_1.3_spec\2.0.1.Final\jboss-annotations-api_1.3_spec-2.0.1.Final.jar;C:\Users\cjuillard\.m2\repository\org\jboss\spec\javax\xml\bind\jboss-jaxb-api_2.3_spec\2.0.0.Final\jboss-jaxb-api_2.3_spec-2.0.0.Final.jar;C:\Users\cjuillard\.m2\repository\org\reactivestreams\reactive-streams\1.0.3\reactive-streams-1.0.3.jar;C:\Users\cjuillard\.m2\repository\jakarta\validation\jakarta.validation-api\2.0.2\jakarta.validation-api-2.0.2.jar;C:\Users\cjuillard\.m2\repository\org\jboss\resteasy\resteasy-core\4.7.7.Final\resteasy-core-4.7.7.Final.jar;C:\Users\cjuillard\.m2\repository\com\ibm\async\asyncutil\0.1.0\asyncutil-0.1.0.jar;C:\Users\cjuillard\.m2\repository\io\smallrye\config\smallrye-config\2.3.0\smallrye-config-2.3.0.jar;C:\Users\cjuillard\.m2\repository\io\smallrye\config\smallrye-config-core\2.3.0\smallrye-config-core-2.3.0.jar;C:\Users\cjuillard\.m2\repository\org\eclipse\microprofile\config\microprofile-config-api\2.0\microprofile-config-api-2.0.jar;C:\Users\cjuillard\.m2\repository\io\smallrye\common\smallrye-common-annotation\1.6.0\smallrye-common-annotation-1.6.0.jar;C:\Users\cjuillard\.m2\repository\io\smallrye\common\smallrye-common-expression\1.6.0\smallrye-common-expression-1.6.0.jar;C:\Users\cjuillard\.m2\repository\io\smallrye\common\smallrye-common-function\1.6.0\smallrye-common-function-1.6.0.jar;C:\Users\cjuillard\.m2\repository\io\smallrye\common\smallrye-common-constraint\1.6.0\smallrye-common-constraint-1.6.0.jar;C:\Users\cjuillard\.m2\repository\io\smallrye\common\smallrye-common-classloader\1.6.0\smallrye-common-classloader-1.6.0.jar;C:\Users\cjuillard\.m2\repository\io\smallrye\config\smallrye-config-common\2.3.0\smallrye-config-common-2.3.0.jar;C:\Users\cjuillard\.m2\repository\org\jboss\resteasy\resteasy-jaxb-provider\4.7.7.Final\resteasy-jaxb-provider-4.7.7.Final.jar;C:\Users\cjuillard\.m2\repository\org\glassfish\jaxb\jaxb-runtime\2.3.2\jaxb-runtime-2.3.2.jar;C:\Users\cjuillard\.m2\repository\org\glassfish\jaxb\txw2\2.3.2\txw2-2.3.2.jar;C:\Users\cjuillard\.m2\repository\com\sun\istack\istack-commons-runtime\3.0.8\istack-commons-runtime-3.0.8.jar;C:\Users\cjuillard\.m2\repository\org\jvnet\staxex\stax-ex\1.8.1\stax-ex-1.8.1.jar;C:\Users\cjuillard\.m2\repository\com\sun\xml\fastinfoset\FastInfoset\1.2.16\FastInfoset-1.2.16.jar;C:\Users\cjuillard\.m2\repository\org\apache\james\apache-mime4j-dom\0.8.3\apache-mime4j-dom-0.8.3.jar;C:\Users\cjuillard\.m2\repository\org\apache\james\apache-mime4j-core\0.8.3\apache-mime4j-core-0.8.3.jar;C:\Users\cjuillard\.m2\repository\org\apache\james\apache-mime4j-storage\0.8.3\apache-mime4j-storage-0.8.3.jar;C:\Users\cjuillard\.m2\repository\commons-io\commons-io\2.4\commons-io-2.4.jar;C:\Users\cjuillard\.m2\repository\com\googlecode\owasp-java-html-sanitizer\owasp-java-html-sanitizer\20211018.2\owasp-java-html-sanitizer-20211018.2.jar;C:\Users\cjuillard\.m2\repository\com\google\guava\guava\30.1-jre\guava-30.1-jre.jar;C:\Users\cjuillard\.m2\repository\com\google\guava\failureaccess\1.0.1\failureaccess-1.0.1.jar;C:\Users\cjuillard\.m2\repository\com\google\guava\listenablefuture\9999.0-empty-to-avoid-conflict-with-guava\listenablefuture-9999.0-empty-to-avoid-conflict-with-guava.jar;C:\Users\cjuillard\.m2\repository\com\google\code\findbugs\jsr305\3.0.2\jsr305-3.0.2.jar;C:\Users\cjuillard\.m2\repository\com\google\errorprone\error_prone_annotations\2.3.4\error_prone_annotations-2.3.4.jar;C:\Users\cjuillard\.m2\repository\com\google\j2objc\j2objc-annotations\1.3\j2objc-annotations-1.3.jar;C:\Users\cjuillard\.m2\repository\com\fasterxml\jackson\core\jackson-annotations\2.10.3\jackson-annotations-2.10.3.jar;C:\Users\cjuillard\.m2\repository\com\fasterxml\jackson\datatype\jackson-datatype-jdk8\2.10.3\jackson-datatype-jdk8-2.10.3.jar;C:\Users\cjuillard\.m2\repository\com\google\zxing\javase\3.4.0\javase-3.4.0.jar;C:\Users\cjuillard\.m2\repository\com\google\zxing\core\3.4.0\core-3.4.0.jar;C:\Users\cjuillard\.m2\repository\com\github\jai-imageio\jai-imageio-core\1.4.0\jai-imageio-core-1.4.0.jar;C:\Users\cjuillard\.m2\repository\com\webauthn4j\webauthn4j-core\0.20.0.RELEASE\webauthn4j-core-0.20.0.RELEASE.jar;C:\Users\cjuillard\.m2\repository\com\webauthn4j\webauthn4j-util\0.20.0.RELEASE\webauthn4j-util-0.20.0.RELEASE.jar;C:\Users\cjuillard\.m2\repository\org\apache\kerby\kerby-asn1\2.0.2\kerby-asn1-2.0.2.jar;C:\Users\cjuillard\.m2\repository\com\fasterxml\jackson\dataformat\jackson-dataformat-cbor\2.10.3\jackson-dataformat-cbor-2.10.3.jar;C:\Users\cjuillard\.m2\repository\org\checkerframework\checker-qual\3.22.0\checker-qual-3.22.0.jar;C:\Users\cjuillard\.m2\repository\com\github\ua-parser\uap-java\1.5.2\uap-java-1.5.2.jar;C:\Users\cjuillard\.m2\repository\org\yaml\snakeyaml\1.25\snakeyaml-1.25.jar;C:\Users\cjuillard\.m2\repository\org\apache\commons\commons-collections4\4.1\commons-collections4-4.1.jar;C:\Users\cjuillard\.m2\repository\org\slf4j\slf4j-api\1.7.30\slf4j-api-1.7.30.jar;C:\Users\cjuillard\.m2\repository\org\springframework\boot\spring-boot-starter-test\2.2.6.RELEASE\spring-boot-starter-test-2.2.6.RELEASE.jar;C:\Users\cjuillard\.m2\repository\org\springframework\boot\spring-boot-starter\2.2.6.RELEASE\spring-boot-starter-2.2.6.RELEASE.jar;C:\Users\cjuillard\.m2\repository\org\springframework\boot\spring-boot\2.2.6.RELEASE\spring-boot-2.2.6.RELEASE.jar;C:\Users\cjuillard\.m2\repository\org\springframework\spring-context\5.2.5.RELEASE\spring-context-5.2.5.RELEASE.jar;C:\Users\cjuillard\.m2\repository\org\springframework\spring-aop\5.2.5.RELEASE\spring-aop-5.2.5.RELEASE.jar;C:\Users\cjuillard\.m2\repository\org\springframework\spring-beans\5.2.5.RELEASE\spring-beans-5.2.5.RELEASE.jar;C:\Users\cjuillard\.m2\repository\org\springframework\spring-expression\5.2.5.RELEASE\spring-expression-5.2.5.RELEASE.jar;C:\Users\cjuillard\.m2\repository\org\springframework\boot\spring-boot-autoconfigure\2.2.6.RELEASE\spring-boot-autoconfigure-2.2.6.RELEASE.jar;C:\Users\cjuillard\.m2\repository\org\springframework\boot\spring-boot-starter-logging\2.2.6.RELEASE\spring-boot-starter-logging-2.2.6.RELEASE.jar;C:\Users\cjuillard\.m2\repository\ch\qos\logback\logback-classic\1.2.3\logback-classic-1.2.3.jar;C:\Users\cjuillard\.m2\repository\ch\qos\logback\logback-core\1.2.3\logback-core-1.2.3.jar;C:\Users\cjuillard\.m2\repository\org\apache\logging\log4j\log4j-to-slf4j\2.12.1\log4j-to-slf4j-2.12.1.jar;C:\Users\cjuillard\.m2\repository\org\apache\logging\log4j\log4j-api\2.12.1\log4j-api-2.12.1.jar;C:\Users\cjuillard\.m2\repository\org\slf4j\jul-to-slf4j\1.7.30\jul-to-slf4j-1.7.30.jar;C:\Users\cjuillard\.m2\repository\jakarta\annotation\jakarta.annotation-api\1.3.5\jakarta.annotation-api-1.3.5.jar;C:\Users\cjuillard\.m2\repository\org\springframework\boot\spring-boot-test\2.2.6.RELEASE\spring-boot-test-2.2.6.RELEASE.jar;C:\Users\cjuillard\.m2\repository\org\springframework\boot\spring-boot-test-autoconfigure\2.2.6.RELEASE\spring-boot-test-autoconfigure-2.2.6.RELEASE.jar;C:\Users\cjuillard\.m2\repository\com\jayway\jsonpath\json-path\2.4.0\json-path-2.4.0.jar;C:\Users\cjuillard\.m2\repository\net\minidev\json-smart\2.3\json-smart-2.3.jar;C:\Users\cjuillard\.m2\repository\net\minidev\accessors-smart\1.2\accessors-smart-1.2.jar;C:\Users\cjuillard\.m2\repository\org\ow2\asm\asm\5.0.4\asm-5.0.4.jar;C:\Users\cjuillard\.m2\repository\jakarta\xml\bind\jakarta.xml.bind-api\2.3.3\jakarta.xml.bind-api-2.3.3.jar;C:\Users\cjuillard\.m2\repository\jakarta\activation\jakarta.activation-api\1.2.2\jakarta.activation-api-1.2.2.jar;C:\Users\cjuillard\.m2\repository\org\junit\jupiter\junit-jupiter\5.5.2\junit-jupiter-5.5.2.jar;C:\Users\cjuillard\.m2\repository\org\junit\jupiter\junit-jupiter-api\5.5.2\junit-jupiter-api-5.5.2.jar;C:\Users\cjuillard\.m2\repository\org\opentest4j\opentest4j\1.2.0\opentest4j-1.2.0.jar;C:\Users\cjuillard\.m2\repository\org\junit\platform\junit-platform-commons\1.5.2\junit-platform-commons-1.5.2.jar;C:\Users\cjuillard\.m2\repository\org\junit\jupiter\junit-jupiter-params\5.5.2\junit-jupiter-params-5.5.2.jar;C:\Users\cjuillard\.m2\repository\org\junit\jupiter\junit-jupiter-engine\5.5.2\junit-jupiter-engine-5.5.2.jar;C:\Users\cjuillard\.m2\repository\org\junit\vintage\junit-vintage-engine\5.5.2\junit-vintage-engine-5.5.2.jar;C:\Users\cjuillard\.m2\repository\org\apiguardian\apiguardian-api\1.1.0\apiguardian-api-1.1.0.jar;C:\Users\cjuillard\.m2\repository\org\junit\platform\junit-platform-engine\1.5.2\junit-platform-engine-1.5.2.jar;C:\Users\cjuillard\.m2\repository\junit\junit\4.12\junit-4.12.jar;C:\Users\cjuillard\.m2\repository\org\mockito\mockito-junit-jupiter\3.1.0\mockito-junit-jupiter-3.1.0.jar;C:\Users\cjuillard\.m2\repository\org\assertj\assertj-core\3.13.2\assertj-core-3.13.2.jar;C:\Users\cjuillard\.m2\repository\org\hamcrest\hamcrest\2.1\hamcrest-2.1.jar;C:\Users\cjuillard\.m2\repository\org\mockito\mockito-core\3.1.0\mockito-core-3.1.0.jar;C:\Users\cjuillard\.m2\repository\net\bytebuddy\byte-buddy\1.10.8\byte-buddy-1.10.8.jar;C:\Users\cjuillard\.m2\repository\net\bytebuddy\byte-buddy-agent\1.10.8\byte-buddy-agent-1.10.8.jar;C:\Users\cjuillard\.m2\repository\org\objenesis\objenesis\2.6\objenesis-2.6.jar;C:\Users\cjuillard\.m2\repository\org\skyscreamer\jsonassert\1.5.0\jsonassert-1.5.0.jar;C:\Users\cjuillard\.m2\repository\com\vaadin\external\google\android-json\0.0.20131108.vaadin1\android-json-0.0.20131108.vaadin1.jar;C:\Users\cjuillard\.m2\repository\org\springframework\spring-core\5.2.5.RELEASE\spring-core-5.2.5.RELEASE.jar;C:\Users\cjuillard\.m2\repository\org\springframework\spring-jcl\5.2.5.RELEASE\spring-jcl-5.2.5.RELEASE.jar;C:\Users\cjuillard\.m2\repository\org\springframework\spring-test\5.2.5.RELEASE\spring-test-5.2.5.RELEASE.jar;C:\Users\cjuillard\.m2\repository\org\xmlunit\xmlunit-core\2.6.4\xmlunit-core-2.6.4.jar;C:\Users\cjuillard\.m2\repository\com\h2database\h2\1.4.200\h2-1.4.200.jar;C:\Users\cjuillard\.m2\repository\io\rest-assured\rest-assured\3.3.0\rest-assured-3.3.0.jar;C:\Users\cjuillard\.m2\repository\org\codehaus\groovy\groovy\2.5.10\groovy-2.5.10.jar;C:\Users\cjuillard\.m2\repository\org\codehaus\groovy\groovy-xml\2.5.10\groovy-xml-2.5.10.jar;C:\Users\cjuillard\.m2\repository\org\apache\httpcomponents\httpmime\4.5.12\httpmime-4.5.12.jar;C:\Users\cjuillard\.m2\repository\org\hamcrest\hamcrest-core\2.1\hamcrest-core-2.1.jar;C:\Users\cjuillard\.m2\repository\org\hamcrest\hamcrest-library\2.1\hamcrest-library-2.1.jar;C:\Users\cjuillard\.m2\repository\org\ccil\cowan\tagsoup\tagsoup\1.2.1\tagsoup-1.2.1.jar;C:\Users\cjuillard\.m2\repository\io\rest-assured\json-path\3.3.0\json-path-3.3.0.jar;C:\Users\cjuillard\.m2\repository\org\codehaus\groovy\groovy-json\2.5.10\groovy-json-2.5.10.jar;C:\Users\cjuillard\.m2\repository\io\rest-assured\rest-assured-common\3.3.0\rest-assured-common-3.3.0.jar;C:\Users\cjuillard\.m2\repository\io\rest-assured\xml-path\3.3.0\xml-path-3.3.0.jar;C:\Users\cjuillard\.m2\repository\org\apache\commons\commons-lang3\3.9\commons-lang3-3.9.jar;C:\Users\cjuillard\.m2\repository\javax\xml\bind\jaxb-api\2.3.1\jaxb-api-2.3.1.jar;C:\Users\cjuillard\.m2\repository\javax\activation\javax.activation-api\1.2.0\javax.activation-api-1.2.0.jar;C:\Users\cjuillard\.m2\repository\com\sun\xml\bind\jaxb-osgi\2.2.10\jaxb-osgi-2.2.10.jar;C:\Users\cjuillard\.m2\repository\org\apache\sling\org.apache.sling.javax.activation\0.1.0\org.apache.sling.javax.activation-0.1.0.jar;C:\Users\cjuillard\.m2\repository\javax\activation\activation\1.1.1\activation-1.1.1.jar;"/>
    <property name="sun.cpu.endian" value="little"/>
    <property name="user.home" value="C:\Users\cjuillard"/>
    <property name="user.language" value="fr"/>
    <property name="java.specification.vendor" value="Oracle Corporation"/>
    <property name="java.version.date" value="2019-01-15"/>
    <property name="java.home" value="C:\Users\cjuillard\openjdk-11.0.2_windows-x64_bin\jdk-11.0.2"/>
    <property name="file.separator" value="\"/>
    <property name="basedir" value="C:\Users\cjuillard\Documents\POCS_PHASE2\dev\keycloak-certhash-mapper"/>
    <property name="java.vm.compressedOopsMode" value="Zero based"/>
    <property name="line.separator" value="&#10;"/>
    <property name="java.specification.name" value="Java Platform API Specification"/>
    <property name="java.vm.specification.vendor" value="Oracle Corporation"/>
    <property name="java.awt.graphicsenv" value="sun.awt.Win32GraphicsEnvironment"/>
    <property name="surefire.real.class.path" value="C:\Users\CJUILL~1\AppData\Local\Temp\surefire5427810071063422982\surefirebooter12644423756034656949.jar"/>
    <property name="user.script" value=""/>
    <property name="sun.management.compiler" value="HotSpot 64-Bit Tiered Compilers"/>
    <property name="java.runtime.version" value="11.0.2+9"/>
    <property name="user.name" value="cjuillard"/>
    <property name="path.separator" value=";"/>
    <property name="os.version" value="10.0"/>
    <property name="java.runtime.name" value="OpenJDK Runtime Environment"/>
    <property name="file.encoding" value="Cp1252"/>
    <property name="java.vm.name" value="OpenJDK 64-Bit Server VM"/>
    <property name="java.vendor.version" value="18.9"/>
    <property name="localRepository" value="C:\Users\cjuillard\.m2\repository"/>
    <property name="java.vendor.url.bug" value="http://bugreport.java.com/bugreport/"/>
    <property name="java.io.tmpdir" value="C:\Users\CJUILL~1\AppData\Local\Temp\"/>
    <property name="java.version" value="11.0.2"/>
    <property name="user.dir" value="C:\Users\cjuillard\Documents\POCS_PHASE2\dev\keycloak-certhash-mapper"/>
    <property name="os.arch" value="amd64"/>
    <property name="java.vm.specification.name" value="Java Virtual Machine Specification"/>
    <property name="java.awt.printerjob" value="sun.awt.windows.WPrinterJob"/>
    <property name="sun.os.patch.level" value=""/>
    <property name="java.library.path" value="C:\Users\cjuillard\openjdk-11.0.2_windows-x64_bin\jdk-11.0.2\bin;C:\Windows\Sun\Java\bin;C:\Windows\system32;C:\Windows;C:/Users/cjuillard/.p2/pool/plugins/org.eclipse.justj.openjdk.hotspot.jre.full.win32.x86_64_18.0.1.v20220515-1614/jre/bin/server;C:/Users/cjuillard/.p2/pool/plugins/org.eclipse.justj.openjdk.hotspot.jre.full.win32.x86_64_18.0.1.v20220515-1614/jre/bin;C:\Program Files (x86)\Common Files\Oracle\Java\javapath;C:\Program Files\Microsoft\jdk-16.0.1.9-hotspot\bin;C:\Windows\system32;C:\Windows;C:\Windows\System32\Wbem;C:\Windows\System32\WindowsPowerShell\v1.0\;C:\Windows\System32\OpenSSH\;C:\ProgramData\chocolatey\bin;C:\Program Files\TortoiseGit\bin;C:\Users\cjuillard\Documents\POCs_scaleway\newrepo\OpenSSL-Win64\bin;C:\Users\cjuillard\AppData\Local\Microsoft\WindowsApps;C:\Users\cjuillard\AppData\Local\Programs\Git\cmd;C:\Windows\system32;;."/>
    <property name="java.vendor" value="Oracle Corporation"/>
    <property name="java.vm.info" value="mixed mode"/>
    <property name="java.vm.version" value="11.0.2+9"/>
    <property name="sun.io.unicode.encoding" value="UnicodeLittle"/>
    <property name="java.class.version" value="55.0"/>
  </properties>
  <testcase name="test" classname="fr.ans.prosanteconnect.keycloak.provider.mapper.X509ThumbprintProtocolMapperTest" time="0.016"/>
</testsuite>